build/outputs/logs/manifest-merger-debug-report.txt
-- Merging decision tree log ---
manifest
ADDED from src/main/AndroidManifest.xml:2:1-300:12
INJECTED from src/main/AndroidManifest.xml:2:1-300:12
INJECTED from src/main/AndroidManifest.xml:2:1-300:12
INJECTED from src/main/AndroidManifest.xml:2:1-300:12
MERGED from [org.lds.mobile:ldsmobile-devtools:2.1.0] AndroidManifest.xml:2:1-12:12
MERGED from [com.android.support:multidex-instrumentation:1.0.2] AndroidManifest.xml:17:1-22:12
MERGED from [com.android.support:multidex:1.0.2] AndroidManifest.xml:17:1-22:12
MERGED from [org.lds.mobile:ldsaccount:10.1.1] AndroidManifest.xml:2:1-19:12
MERGED from [org.lds.mobile:lds-ui-kit:1.6.9] AndroidManifest.xml:2:1-9:12
MERGED from [org.lds.mobile:ldsmobile-media:10.1.0] AndroidManifest.xml:2:1-11:12
MERGED from [org.lds.mobile:ldsmobile-commons:14.3.2] AndroidManifest.xml:2:1-13:12
MERGED from [org.lds.mobile:ldsmobile-network:4.1.0] AndroidManifest.xml:2:1-13:12
MERGED from [org.lds.mobile:ldsmobile-download:6.1.0] AndroidManifest.xml:2:1-12:12
MERGED from [org.lds.mobile:ldsmobile-about:7.1.1] AndroidManifest.xml:2:1-30:12
MERGED from [org.lds.mobile:ldsmobile-markdown:1.3.0] AndroidManifest.xml:2:1-12:12
MERGED from [org.lds.mobile:lds-analytics:6.1.0] AndroidManifest.xml:2:1-12:12
MERGED from [com.android.support:preference-v14:27.0.1] AndroidManifest.xml:17:1-22:12
MERGED from [com.android.support:design:27.0.1] AndroidManifest.xml:17:1-22:12
MERGED from [com.devbrackets.android:recyclerext:2.1.1] AndroidManifest.xml:2:1-14:12
MERGED from [com.github.paolorotolo:appintro:v4.2.2] AndroidManifest.xml:2:1-13:12
MERGED from [org.sqlite.sqliteX:sqlite-android:3.15.2] AndroidManifest.xml:2:1-12:12
MERGED from [com.afollestad:digitus:0.3.0] AndroidManifest.xml:2:1-14:12
MERGED from [com.devbrackets.android:exomedia:4.0.3] AndroidManifest.xml:2:1-14:12
MERGED from [com.android.support:preference-v7:27.0.1] AndroidManifest.xml:17:1-22:12
MERGED from [com.facebook.android:facebook-android-sdk:4.28.0] AndroidManifest.xml:21:1-31:12
MERGED from [com.facebook.android:facebook-login:4.28.0] AndroidManifest.xml:21:1-31:12
MERGED from [com.facebook.android:facebook-share:4.28.0] AndroidManifest.xml:21:1-31:12
MERGED from [com.facebook.android:facebook-common:4.28.0] AndroidManifest.xml:21:1-36:12
MERGED from [com.afollestad.material-dialogs:commons:0.9.6.0] AndroidManifest.xml:2:1-14:12
MERGED from [com.google.android.gms:play-services-cast-framework:11.6.0] AndroidManifest.xml:2:1-9:12
MERGED from [com.google.android.gms:play-services-cast:11.6.0] AndroidManifest.xml:16:1-19:12
MERGED from [com.android.support:mediarouter-v7:27.0.1] AndroidManifest.xml:17:1-22:12
MERGED from [com.afollestad.material-dialogs:core:0.9.6.0] AndroidManifest.xml:2:1-15:12
MERGED from [me.zhanghai.android.materialprogressbar:library:1.4.2] AndroidManifest.xml:6:1-16:12
MERGED from [com.android.support:appcompat-v7:27.0.1] AndroidManifest.xml:17:1-22:12
MERGED from [com.android.support:customtabs:27.0.1] AndroidManifest.xml:17:1-22:12
MERGED from [com.android.support:support-v13:27.0.1] AndroidManifest.xml:17:1-22:12
MERGED from [com.android.support:percent:27.0.1] AndroidManifest.xml:17:1-22:12
MERGED from [com.android.support:cardview-v7:27.0.1] AndroidManifest.xml:17:1-22:12
MERGED from [com.android.support.constraint:constraint-layout:1.0.2] AndroidManifest.xml:2:1-11:12
MERGED from [com.google.android:flexbox:0.3.1] AndroidManifest.xml:17:1-27:12
MERGED from [android.arch.paging:runtime:1.0.0-alpha3] AndroidManifest.xml:17:1-24:12
MERGED from [com.jakewharton:butterknife:8.7.0] AndroidManifest.xml:2:1-7:12
MERGED from [com.android.support:palette-v7:27.0.1] AndroidManifest.xml:17:1-22:12
MERGED from [com.android.support:transition:27.0.1] AndroidManifest.xml:17:1-22:12
MERGED from [com.evernote:android-job:1.2.1] AndroidManifest.xml:2:1-65:12
MERGED from [com.google.android.gms:play-services-gcm:11.6.0] AndroidManifest.xml:16:1-24:12
MERGED from [com.google.android.gms:play-services-iid:11.6.0] AndroidManifest.xml:16:1-24:12
MERGED from [com.google.android.gms:play-services-base:11.6.0] AndroidManifest.xml:16:1-21:12
MERGED from [com.google.android.gms:play-services-tasks:11.6.0] AndroidManifest.xml:2:1-5:12
MERGED from [com.google.android.gms:play-services-basement:11.6.0] AndroidManifest.xml:16:1-23:12
MERGED from [com.android.support:support-v4:27.0.1] AndroidManifest.xml:17:1-22:12
MERGED from [com.android.support:support-media-compat:27.0.1] AndroidManifest.xml:17:1-22:12
MERGED from [com.android.support:recyclerview-v7:27.0.1] AndroidManifest.xml:17:1-22:12
MERGED from [com.facebook.android:facebook-places:4.28.0] AndroidManifest.xml:21:1-31:12
MERGED from [com.facebook.android:facebook-applinks:4.28.0] AndroidManifest.xml:21:1-31:12
MERGED from [com.facebook.android:facebook-messenger:4.28.0] AndroidManifest.xml:21:1-31:12
MERGED from [com.facebook.android:facebook-core:4.28.0] AndroidManifest.xml:21:1-45:12
MERGED from [com.google.android.exoplayer:exoplayer-dash:r2.4.3] AndroidManifest.xml:17:1-25:12
MERGED from [android.arch.lifecycle:extensions:1.0.0] AndroidManifest.xml:17:1-32:12
MERGED from [com.android.support:support-fragment:27.0.1] AndroidManifest.xml:17:1-22:12
MERGED from [com.android.support:support-core-utils:27.0.1] AndroidManifest.xml:17:1-22:12
MERGED from [com.android.support:animated-vector-drawable:27.0.1] AndroidManifest.xml:17:1-22:12
MERGED from [com.android.support:support-vector-drawable:27.0.1] AndroidManifest.xml:17:1-22:12
MERGED from [com.android.support:support-core-ui:27.0.1] AndroidManifest.xml:17:1-22:12
MERGED from [com.android.support:support-compat:27.0.1] AndroidManifest.xml:17:1-22:12
MERGED from [android.arch.lifecycle:runtime:1.0.3] AndroidManifest.xml:17:1-24:12
MERGED from [org.dbtools:dbtools-android:10.3.0] AndroidManifest.xml:2:1-11:12
MERGED from [com.facebook.stetho:stetho-okhttp3:1.5.0] AndroidManifest.xml:2:1-13:12
MERGED from [com.facebook.stetho:stetho:1.5.0] AndroidManifest.xml:2:1-13:12
MERGED from [me.eugeniomarletti:android-extras-delegates:1.0.5] AndroidManifest.xml:2:1-14:12
MERGED from [com.jakewharton.timber:timber:4.6.0] AndroidManifest.xml:2:1-10:12
MERGED from [com.jakewharton.threetenabp:threetenabp:1.0.5] AndroidManifest.xml:2:1-10:12
MERGED from [com.vikingsen:pocketbus:1.2.0] AndroidManifest.xml:2:1-13:12
MERGED from [io.reactivex.rxjava2:rxandroid:2.0.1] AndroidManifest.xml:15:1-21:12
MERGED from [com.crashlytics.sdk.android:crashlytics:2.7.1] AndroidManifest.xml:2:1-19:12
MERGED from [com.squareup.leakcanary:leakcanary-android:1.5.4] AndroidManifest.xml:17:1-61:12
MERGED from [com.google.android.exoplayer:exoplayer-hls:r2.4.3] AndroidManifest.xml:17:1-25:12
MERGED from [com.google.android.exoplayer:exoplayer-smoothstreaming:r2.4.3] AndroidManifest.xml:17:1-25:12
MERGED from [com.google.android.exoplayer:exoplayer-core:r2.4.3] AndroidManifest.xml:17:1-25:12
MERGED from [android.arch.core:runtime:1.0.0] AndroidManifest.xml:17:1-24:12
MERGED from [com.devbrackets.android:playlistcore:2.0.0-20171004] AndroidManifest.xml:2:1-21:12
MERGED from [com.localytics.android:library:4.5.1] AndroidManifest.xml:2:1-19:12
MERGED from [com.google.android.gms:play-services-cast-framework-license:11.6.0] AndroidManifest.xml:2:1-6:12
MERGED from [com.google.android.gms:play-services-gcm-license:11.6.0] AndroidManifest.xml:2:1-6:12
MERGED from [com.crashlytics.sdk.android:beta:1.2.7] AndroidManifest.xml:2:1-13:12
MERGED from [com.crashlytics.sdk.android:crashlytics-core:2.4.1] AndroidManifest.xml:45:1-56:12
MERGED from [com.crashlytics.sdk.android:answers:1.4.1] AndroidManifest.xml:2:1-13:12
MERGED from [io.fabric.sdk.android:fabric:1.4.1] AndroidManifest.xml:22:1-33:12
MERGED from [com.squareup.leakcanary:leakcanary-analyzer:1.5.4] AndroidManifest.xml:17:1-25:12
MERGED from [com.google.android.gms:play-services-base-license:11.6.0] AndroidManifest.xml:2:1-6:12
MERGED from [com.google.android.gms:play-services-cast-license:11.6.0] AndroidManifest.xml:2:1-6:12
MERGED from [com.google.android.gms:play-services-basement-license:11.6.0] AndroidManifest.xml:2:1-6:12
MERGED from [com.google.android.gms:play-services-iid-license:11.6.0] AndroidManifest.xml:2:1-6:12
MERGED from [com.google.android.gms:play-services-tasks-license:11.6.0] AndroidManifest.xml:2:1-6:12
INJECTED from src/main/AndroidManifest.xml:2:1-300:12
INJECTED from src/main/AndroidManifest.xml:2:1-300:12
INJECTED from src/main/AndroidManifest.xml:2:1-300:12
	package
		ADDED from src/main/AndroidManifest.xml:5:5-28
		INJECTED from src/main/AndroidManifest.xml
		INJECTED from src/main/AndroidManifest.xml
	android:versionName
		INJECTED from src/main/AndroidManifest.xml
		ADDED from src/main/AndroidManifest.xml:2:1-300:12
		INJECTED from src/main/AndroidManifest.xml
	xmlns:tools
		ADDED from src/main/AndroidManifest.xml:4:5-51
	android:versionCode
		INJECTED from src/main/AndroidManifest.xml
		ADDED from src/main/AndroidManifest.xml:2:1-300:12
		INJECTED from src/main/AndroidManifest.xml
	xmlns:android
		ADDED from src/main/AndroidManifest.xml:3:5-63
	android:installLocation
		ADDED from src/main/AndroidManifest.xml:6:5-35
uses-permission#android.permission.RECORD_AUDIO
ADDED from src/main/AndroidManifest.xml:8:5-70
	android:name
		ADDED from src/main/AndroidManifest.xml:8:22-68
uses-permission#android.permission.INTERNET
ADDED from src/main/AndroidManifest.xml:9:5-66
MERGED from [org.lds.mobile:ldsaccount:10.1.1] AndroidManifest.xml:9:5-67
MERGED from [org.lds.mobile:ldsaccount:10.1.1] AndroidManifest.xml:9:5-67
MERGED from [org.lds.mobile:ldsmobile-about:7.1.1] AndroidManifest.xml:9:5-67
MERGED from [org.lds.mobile:ldsmobile-about:7.1.1] AndroidManifest.xml:9:5-67
MERGED from [com.google.android.gms:play-services-gcm:11.6.0] AndroidManifest.xml:21:5-66
MERGED from [com.google.android.gms:play-services-gcm:11.6.0] AndroidManifest.xml:21:5-66
MERGED from [com.google.android.gms:play-services-iid:11.6.0] AndroidManifest.xml:21:5-66
MERGED from [com.google.android.gms:play-services-iid:11.6.0] AndroidManifest.xml:21:5-66
MERGED from [com.crashlytics.sdk.android:crashlytics:2.7.1] AndroidManifest.xml:9:5-67
MERGED from [com.crashlytics.sdk.android:crashlytics:2.7.1] AndroidManifest.xml:9:5-67
MERGED from [com.crashlytics.sdk.android:beta:1.2.7] AndroidManifest.xml:9:5-67
MERGED from [com.crashlytics.sdk.android:beta:1.2.7] AndroidManifest.xml:9:5-67
MERGED from [com.crashlytics.sdk.android:crashlytics-core:2.4.1] AndroidManifest.xml:52:5-67
MERGED from [com.crashlytics.sdk.android:crashlytics-core:2.4.1] AndroidManifest.xml:52:5-67
MERGED from [com.crashlytics.sdk.android:answers:1.4.1] AndroidManifest.xml:9:5-67
MERGED from [com.crashlytics.sdk.android:answers:1.4.1] AndroidManifest.xml:9:5-67
MERGED from [io.fabric.sdk.android:fabric:1.4.1] AndroidManifest.xml:29:5-67
MERGED from [io.fabric.sdk.android:fabric:1.4.1] AndroidManifest.xml:29:5-67
	android:name
		ADDED from src/main/AndroidManifest.xml:9:22-64
uses-permission#android.permission.READ_EXTERNAL_STORAGE
ADDED from src/main/AndroidManifest.xml:10:5-79
MERGED from [com.squareup.leakcanary:leakcanary-android:1.5.4] AndroidManifest.xml:23:5-80
MERGED from [com.squareup.leakcanary:leakcanary-android:1.5.4] AndroidManifest.xml:23:5-80
	android:name
		ADDED from src/main/AndroidManifest.xml:10:22-77
uses-permission#android.permission.WRITE_EXTERNAL_STORAGE
ADDED from src/main/AndroidManifest.xml:11:5-80
MERGED from [com.squareup.leakcanary:leakcanary-android:1.5.4] AndroidManifest.xml:24:5-81
MERGED from [com.squareup.leakcanary:leakcanary-android:1.5.4] AndroidManifest.xml:24:5-81
	android:name
		ADDED from src/main/AndroidManifest.xml:11:22-78
uses-permission#android.permission.ACCESS_NETWORK_STATE
ADDED from src/main/AndroidManifest.xml:12:5-78
MERGED from [org.lds.mobile:ldsaccount:10.1.1] AndroidManifest.xml:10:5-79
MERGED from [org.lds.mobile:ldsaccount:10.1.1] AndroidManifest.xml:10:5-79
MERGED from [org.lds.mobile:ldsmobile-commons:14.3.2] AndroidManifest.xml:9:5-79
MERGED from [org.lds.mobile:ldsmobile-commons:14.3.2] AndroidManifest.xml:9:5-79
MERGED from [org.lds.mobile:ldsmobile-network:4.1.0] AndroidManifest.xml:9:5-79
MERGED from [org.lds.mobile:ldsmobile-network:4.1.0] AndroidManifest.xml:9:5-79
MERGED from [org.lds.mobile:ldsmobile-about:7.1.1] AndroidManifest.xml:10:5-79
MERGED from [org.lds.mobile:ldsmobile-about:7.1.1] AndroidManifest.xml:10:5-79
MERGED from [com.evernote:android-job:1.2.1] AndroidManifest.xml:13:5-79
MERGED from [com.evernote:android-job:1.2.1] AndroidManifest.xml:13:5-79
MERGED from [com.localytics.android:library:4.5.1] AndroidManifest.xml:11:5-79
MERGED from [com.localytics.android:library:4.5.1] AndroidManifest.xml:11:5-79
	android:name
		ADDED from src/main/AndroidManifest.xml:12:22-76
uses-permission#android.permission.NFC
ADDED from src/main/AndroidManifest.xml:13:5-61
	android:name
		ADDED from src/main/AndroidManifest.xml:13:22-59
uses-permission#android.permission.WAKE_LOCK
ADDED from src/main/AndroidManifest.xml:14:5-67
MERGED from [com.evernote:android-job:1.2.1] AndroidManifest.xml:12:5-68
MERGED from [com.evernote:android-job:1.2.1] AndroidManifest.xml:12:5-68
	android:name
		ADDED from src/main/AndroidManifest.xml:14:22-65
uses-permission#android.permission.CHANGE_CONFIGURATION
ADDED from src/main/AndroidManifest.xml:17:5-78
	android:name
		ADDED from src/main/AndroidManifest.xml:17:22-76
permission#android.permission.WRITE_EXTERNAL_STORAGE
ADDED from src/main/AndroidManifest.xml:18:5-76
	android:name
		ADDED from src/main/AndroidManifest.xml:18:17-73
permission#android.permission.READ_EXTERNAL_STORAGE
ADDED from src/main/AndroidManifest.xml:19:5-75
	android:name
		ADDED from src/main/AndroidManifest.xml:19:17-72
permission#android.permission.CHANGE_CONFIGURATION
ADDED from src/main/AndroidManifest.xml:20:5-74
	android:name
		ADDED from src/main/AndroidManifest.xml:20:17-71
uses-feature#android.hardware.wifi
ADDED from src/main/AndroidManifest.xml:23:5-25:35
	android:required
		ADDED from src/main/AndroidManifest.xml:25:9-33
	android:name
		ADDED from src/main/AndroidManifest.xml:24:9-45
uses-feature#android.hardware.microphone
ADDED from src/main/AndroidManifest.xml:27:5-29:35
	android:required
		ADDED from src/main/AndroidManifest.xml:29:9-33
	android:name
		ADDED from src/main/AndroidManifest.xml:28:9-51
uses-feature#android.hardware.touchscreen
ADDED from src/main/AndroidManifest.xml:32:5-34:35
	android:required
		ADDED from src/main/AndroidManifest.xml:34:9-33
	android:name
		ADDED from src/main/AndroidManifest.xml:33:9-52
supports-screens
ADDED from src/main/AndroidManifest.xml:36:5-40:38
	android:largeScreens
		ADDED from src/main/AndroidManifest.xml:38:9-36
	android:smallScreens
		ADDED from src/main/AndroidManifest.xml:40:9-36
	android:normalScreens
		ADDED from src/main/AndroidManifest.xml:39:9-37
	android:anyDensity
		ADDED from src/main/AndroidManifest.xml:37:9-34
application
ADDED from src/main/AndroidManifest.xml:42:5-299:19
MERGED from [org.lds.mobile:ldsmobile-devtools:2.1.0] AndroidManifest.xml:10:5-20
MERGED from [org.lds.mobile:ldsmobile-devtools:2.1.0] AndroidManifest.xml:10:5-20
MERGED from [org.lds.mobile:ldsaccount:10.1.1] AndroidManifest.xml:16:5-17:19
MERGED from [org.lds.mobile:ldsaccount:10.1.1] AndroidManifest.xml:16:5-17:19
MERGED from [org.lds.mobile:ldsmobile-media:10.1.0] AndroidManifest.xml:9:5-20
MERGED from [org.lds.mobile:ldsmobile-media:10.1.0] AndroidManifest.xml:9:5-20
MERGED from [org.lds.mobile:ldsmobile-commons:14.3.2] AndroidManifest.xml:11:5-20
MERGED from [org.lds.mobile:ldsmobile-commons:14.3.2] AndroidManifest.xml:11:5-20
MERGED from [org.lds.mobile:ldsmobile-network:4.1.0] AndroidManifest.xml:11:5-20
MERGED from [org.lds.mobile:ldsmobile-network:4.1.0] AndroidManifest.xml:11:5-20
MERGED from [org.lds.mobile:ldsmobile-download:6.1.0] AndroidManifest.xml:10:5-20
MERGED from [org.lds.mobile:ldsmobile-download:6.1.0] AndroidManifest.xml:10:5-20
MERGED from [org.lds.mobile:ldsmobile-about:7.1.1] AndroidManifest.xml:12:5-28:19
MERGED from [org.lds.mobile:ldsmobile-about:7.1.1] AndroidManifest.xml:12:5-28:19
MERGED from [org.lds.mobile:ldsmobile-markdown:1.3.0] AndroidManifest.xml:10:5-20
MERGED from [org.lds.mobile:ldsmobile-markdown:1.3.0] AndroidManifest.xml:10:5-20
MERGED from [org.lds.mobile:lds-analytics:6.1.0] AndroidManifest.xml:10:5-20
MERGED from [org.lds.mobile:lds-analytics:6.1.0] AndroidManifest.xml:10:5-20
MERGED from [com.devbrackets.android:recyclerext:2.1.1] AndroidManifest.xml:12:5-20
MERGED from [com.devbrackets.android:recyclerext:2.1.1] AndroidManifest.xml:12:5-20
MERGED from [com.github.paolorotolo:appintro:v4.2.2] AndroidManifest.xml:11:5-47
MERGED from [com.github.paolorotolo:appintro:v4.2.2] AndroidManifest.xml:11:5-47
MERGED from [org.sqlite.sqliteX:sqlite-android:3.15.2] AndroidManifest.xml:10:5-20
MERGED from [org.sqlite.sqliteX:sqlite-android:3.15.2] AndroidManifest.xml:10:5-20
MERGED from [com.afollestad:digitus:0.3.0] AndroidManifest.xml:12:5-20
MERGED from [com.afollestad:digitus:0.3.0] AndroidManifest.xml:12:5-20
MERGED from [com.devbrackets.android:exomedia:4.0.3] AndroidManifest.xml:12:5-20
MERGED from [com.devbrackets.android:exomedia:4.0.3] AndroidManifest.xml:12:5-20
MERGED from [com.facebook.android:facebook-android-sdk:4.28.0] AndroidManifest.xml:28:5-29:19
MERGED from [com.facebook.android:facebook-android-sdk:4.28.0] AndroidManifest.xml:28:5-29:19
MERGED from [com.facebook.android:facebook-login:4.28.0] AndroidManifest.xml:28:5-29:19
MERGED from [com.facebook.android:facebook-login:4.28.0] AndroidManifest.xml:28:5-29:19
MERGED from [com.facebook.android:facebook-share:4.28.0] AndroidManifest.xml:28:5-29:19
MERGED from [com.facebook.android:facebook-share:4.28.0] AndroidManifest.xml:28:5-29:19
MERGED from [com.facebook.android:facebook-common:4.28.0] AndroidManifest.xml:28:5-34:19
MERGED from [com.facebook.android:facebook-common:4.28.0] AndroidManifest.xml:28:5-34:19
MERGED from [com.afollestad.material-dialogs:commons:0.9.6.0] AndroidManifest.xml:12:5-20
MERGED from [com.afollestad.material-dialogs:commons:0.9.6.0] AndroidManifest.xml:12:5-20
MERGED from [com.google.android.gms:play-services-cast-framework:11.6.0] AndroidManifest.xml:4:5-8:19
MERGED from [com.google.android.gms:play-services-cast-framework:11.6.0] AndroidManifest.xml:4:5-8:19
MERGED from [com.google.android.gms:play-services-cast:11.6.0] AndroidManifest.xml:18:5-19
MERGED from [com.google.android.gms:play-services-cast:11.6.0] AndroidManifest.xml:18:5-19
MERGED from [com.afollestad.material-dialogs:core:0.9.6.0] AndroidManifest.xml:13:5-20
MERGED from [com.afollestad.material-dialogs:core:0.9.6.0] AndroidManifest.xml:13:5-20
MERGED from [com.android.support.constraint:constraint-layout:1.0.2] AndroidManifest.xml:9:5-20
MERGED from [com.android.support.constraint:constraint-layout:1.0.2] AndroidManifest.xml:9:5-20
MERGED from [com.evernote:android-job:1.2.1] AndroidManifest.xml:16:5-63:19
MERGED from [com.evernote:android-job:1.2.1] AndroidManifest.xml:16:5-63:19
MERGED from [com.google.android.gms:play-services-gcm:11.6.0] AndroidManifest.xml:23:5-19
MERGED from [com.google.android.gms:play-services-gcm:11.6.0] AndroidManifest.xml:23:5-19
MERGED from [com.google.android.gms:play-services-iid:11.6.0] AndroidManifest.xml:23:5-19
MERGED from [com.google.android.gms:play-services-iid:11.6.0] AndroidManifest.xml:23:5-19
MERGED from [com.google.android.gms:play-services-base:11.6.0] AndroidManifest.xml:18:5-20:19
MERGED from [com.google.android.gms:play-services-base:11.6.0] AndroidManifest.xml:18:5-20:19
MERGED from [com.google.android.gms:play-services-tasks:11.6.0] AndroidManifest.xml:4:5-19
MERGED from [com.google.android.gms:play-services-tasks:11.6.0] AndroidManifest.xml:4:5-19
MERGED from [com.google.android.gms:play-services-basement:11.6.0] AndroidManifest.xml:19:5-21:19
MERGED from [com.google.android.gms:play-services-basement:11.6.0] AndroidManifest.xml:19:5-21:19
MERGED from [com.facebook.android:facebook-places:4.28.0] AndroidManifest.xml:28:5-29:19
MERGED from [com.facebook.android:facebook-places:4.28.0] AndroidManifest.xml:28:5-29:19
MERGED from [com.facebook.android:facebook-applinks:4.28.0] AndroidManifest.xml:28:5-29:19
MERGED from [com.facebook.android:facebook-applinks:4.28.0] AndroidManifest.xml:28:5-29:19
MERGED from [com.facebook.android:facebook-messenger:4.28.0] AndroidManifest.xml:28:5-29:19
MERGED from [com.facebook.android:facebook-messenger:4.28.0] AndroidManifest.xml:28:5-29:19
MERGED from [com.facebook.android:facebook-core:4.28.0] AndroidManifest.xml:28:5-43:19
MERGED from [com.facebook.android:facebook-core:4.28.0] AndroidManifest.xml:28:5-43:19
MERGED from [android.arch.lifecycle:extensions:1.0.0] AndroidManifest.xml:24:5-30:19
MERGED from [android.arch.lifecycle:extensions:1.0.0] AndroidManifest.xml:24:5-30:19
MERGED from [org.dbtools:dbtools-android:10.3.0] AndroidManifest.xml:9:5-20
MERGED from [org.dbtools:dbtools-android:10.3.0] AndroidManifest.xml:9:5-20
MERGED from [com.facebook.stetho:stetho-okhttp3:1.5.0] AndroidManifest.xml:11:5-20
MERGED from [com.facebook.stetho:stetho-okhttp3:1.5.0] AndroidManifest.xml:11:5-20
MERGED from [com.facebook.stetho:stetho:1.5.0] AndroidManifest.xml:11:5-20
MERGED from [com.facebook.stetho:stetho:1.5.0] AndroidManifest.xml:11:5-20
MERGED from [me.eugeniomarletti:android-extras-delegates:1.0.5] AndroidManifest.xml:12:5-20
MERGED from [me.eugeniomarletti:android-extras-delegates:1.0.5] AndroidManifest.xml:12:5-20
MERGED from [com.jakewharton.timber:timber:4.6.0] AndroidManifest.xml:8:5-20
MERGED from [com.jakewharton.timber:timber:4.6.0] AndroidManifest.xml:8:5-20
MERGED from [com.jakewharton.threetenabp:threetenabp:1.0.5] AndroidManifest.xml:8:5-20
MERGED from [com.jakewharton.threetenabp:threetenabp:1.0.5] AndroidManifest.xml:8:5-20
MERGED from [com.vikingsen:pocketbus:1.2.0] AndroidManifest.xml:10:5-11:19
MERGED from [com.vikingsen:pocketbus:1.2.0] AndroidManifest.xml:10:5-11:19
MERGED from [com.crashlytics.sdk.android:crashlytics:2.7.1] AndroidManifest.xml:11:5-17:19
MERGED from [com.crashlytics.sdk.android:crashlytics:2.7.1] AndroidManifest.xml:11:5-17:19
MERGED from [com.squareup.leakcanary:leakcanary-android:1.5.4] AndroidManifest.xml:26:5-59:19
MERGED from [com.squareup.leakcanary:leakcanary-android:1.5.4] AndroidManifest.xml:26:5-59:19
MERGED from [com.devbrackets.android:playlistcore:2.0.0-20171004] AndroidManifest.xml:11:5-19:19
MERGED from [com.devbrackets.android:playlistcore:2.0.0-20171004] AndroidManifest.xml:11:5-19:19
MERGED from [com.localytics.android:library:4.5.1] AndroidManifest.xml:13:5-17:19
MERGED from [com.localytics.android:library:4.5.1] AndroidManifest.xml:13:5-17:19
MERGED from [com.google.android.gms:play-services-cast-framework-license:11.6.0] AndroidManifest.xml:5:5-20
MERGED from [com.google.android.gms:play-services-cast-framework-license:11.6.0] AndroidManifest.xml:5:5-20
MERGED from [com.google.android.gms:play-services-gcm-license:11.6.0] AndroidManifest.xml:5:5-20
MERGED from [com.google.android.gms:play-services-gcm-license:11.6.0] AndroidManifest.xml:5:5-20
MERGED from [com.crashlytics.sdk.android:beta:1.2.7] AndroidManifest.xml:11:5-20
MERGED from [com.crashlytics.sdk.android:beta:1.2.7] AndroidManifest.xml:11:5-20
MERGED from [com.crashlytics.sdk.android:crashlytics-core:2.4.1] AndroidManifest.xml:54:5-20
MERGED from [com.crashlytics.sdk.android:crashlytics-core:2.4.1] AndroidManifest.xml:54:5-20
MERGED from [com.crashlytics.sdk.android:answers:1.4.1] AndroidManifest.xml:11:5-20
MERGED from [com.crashlytics.sdk.android:answers:1.4.1] AndroidManifest.xml:11:5-20
MERGED from [io.fabric.sdk.android:fabric:1.4.1] AndroidManifest.xml:31:5-20
MERGED from [io.fabric.sdk.android:fabric:1.4.1] AndroidManifest.xml:31:5-20
MERGED from [com.squareup.leakcanary:leakcanary-analyzer:1.5.4] AndroidManifest.xml:23:5-20
MERGED from [com.squareup.leakcanary:leakcanary-analyzer:1.5.4] AndroidManifest.xml:23:5-20
MERGED from [com.google.android.gms:play-services-base-license:11.6.0] AndroidManifest.xml:5:5-20
MERGED from [com.google.android.gms:play-services-base-license:11.6.0] AndroidManifest.xml:5:5-20
MERGED from [com.google.android.gms:play-services-cast-license:11.6.0] AndroidManifest.xml:5:5-20
MERGED from [com.google.android.gms:play-services-cast-license:11.6.0] AndroidManifest.xml:5:5-20
MERGED from [com.google.android.gms:play-services-basement-license:11.6.0] AndroidManifest.xml:5:5-20
MERGED from [com.google.android.gms:play-services-basement-license:11.6.0] AndroidManifest.xml:5:5-20
MERGED from [com.google.android.gms:play-services-iid-license:11.6.0] AndroidManifest.xml:5:5-20
MERGED from [com.google.android.gms:play-services-iid-license:11.6.0] AndroidManifest.xml:5:5-20
MERGED from [com.google.android.gms:play-services-tasks-license:11.6.0] AndroidManifest.xml:5:5-20
MERGED from [com.google.android.gms:play-services-tasks-license:11.6.0] AndroidManifest.xml:5:5-20
	android:supportsRtl
		ADDED from [com.github.paolorotolo:appintro:v4.2.2] AndroidManifest.xml:11:18-44
	android:label
		ADDED from src/main/AndroidManifest.xml:49:9-41
	android:hardwareAccelerated
		ADDED from src/main/AndroidManifest.xml:46:9-43
	android:fullBackupContent
		ADDED from src/main/AndroidManifest.xml:45:9-62
	android:resizeableActivity
		ADDED from src/main/AndroidManifest.xml:50:9-42
	tools:ignore
		ADDED from [com.evernote:android-job:1.2.1] AndroidManifest.xml:16:18-44
	android:roundIcon
		ADDED from src/main/AndroidManifest.xml:48:9-54
	android:icon
		ADDED from src/main/AndroidManifest.xml:47:9-43
	android:allowBackup
		ADDED from src/main/AndroidManifest.xml:44:9-36
	android:theme
		ADDED from src/main/AndroidManifest.xml:51:9-46
	android:name
		ADDED from src/main/AndroidManifest.xml:43:9-28
activity#org.lds.ldssa.ui.activity.StartupActivity
ADDED from src/main/AndroidManifest.xml:54:9-62:20
	android:configChanges
		ADDED from src/main/AndroidManifest.xml:56:13-63
	android:theme
		ADDED from src/main/AndroidManifest.xml:57:13-52
	android:name
		ADDED from src/main/AndroidManifest.xml:55:13-56
intent-filter#android.intent.action.MAIN+android.intent.category.LAUNCHER
ADDED from src/main/AndroidManifest.xml:58:13-61:29
action#android.intent.action.MAIN
ADDED from src/main/AndroidManifest.xml:59:17-68
	android:name
		ADDED from src/main/AndroidManifest.xml:59:25-66
category#android.intent.category.LAUNCHER
ADDED from src/main/AndroidManifest.xml:60:17-76
	android:name
		ADDED from src/main/AndroidManifest.xml:60:27-74
activity#org.lds.ldssa.ux.signin.SignInActivity
ADDED from src/main/AndroidManifest.xml:64:9-61
	android:name
		ADDED from src/main/AndroidManifest.xml:64:19-59
activity#org.lds.ldssa.ux.catalog.CatalogDirectoryActivity
ADDED from src/main/AndroidManifest.xml:66:9-70:20
	android:label
		ADDED from src/main/AndroidManifest.xml:68:13-44
	android:name
		ADDED from src/main/AndroidManifest.xml:67:13-64
activity#org.lds.ldssa.ux.content.directory.ContentDirectoryActivity
ADDED from src/main/AndroidManifest.xml:71:9-82
	android:name
		ADDED from src/main/AndroidManifest.xml:71:19-80
activity#org.lds.ldssa.ux.content.item.ContentActivity
ADDED from src/main/AndroidManifest.xml:72:9-81:20
	android:windowSoftInputMode
		ADDED from src/main/AndroidManifest.xml:74:13-56
	android:name
		ADDED from src/main/AndroidManifest.xml:73:13-60
intent-filter#android.intent.category.DEFAULT+org.lds.ldssa.action.VIEW
ADDED from src/main/AndroidManifest.xml:77:13-80:29
action#org.lds.ldssa.action.VIEW
ADDED from src/main/AndroidManifest.xml:78:17-67
	android:name
		ADDED from src/main/AndroidManifest.xml:78:25-65
category#android.intent.category.DEFAULT
ADDED from src/main/AndroidManifest.xml:79:17-75
	android:name
		ADDED from src/main/AndroidManifest.xml:79:27-73
activity#org.lds.ldssa.ux.annotations.links.LinksActivity
ADDED from src/main/AndroidManifest.xml:82:9-84:57
	android:windowSoftInputMode
		ADDED from src/main/AndroidManifest.xml:84:13-55
	android:name
		ADDED from src/main/AndroidManifest.xml:83:13-63
activity#org.lds.ldssa.ux.annotations.links.LinkContentActivity
ADDED from src/main/AndroidManifest.xml:85:9-88:58
	android:windowSoftInputMode
		ADDED from src/main/AndroidManifest.xml:88:13-56
	android:configChanges
		ADDED from src/main/AndroidManifest.xml:87:13-59
	android:name
		ADDED from src/main/AndroidManifest.xml:86:13-69
activity#org.lds.ldssa.ui.activity.LanguageChangeActivity
ADDED from src/main/AndroidManifest.xml:89:9-92:39
	android:excludeFromRecents
		ADDED from src/main/AndroidManifest.xml:91:13-46
	android:noHistory
		ADDED from src/main/AndroidManifest.xml:92:13-37
	android:name
		ADDED from src/main/AndroidManifest.xml:90:13-63
activity#org.lds.ldssa.ui.activity.UriRouterActivity
ADDED from src/main/AndroidManifest.xml:93:9-137:20
	android:excludeFromRecents
		ADDED from src/main/AndroidManifest.xml:95:13-46
	android:noHistory
		ADDED from src/main/AndroidManifest.xml:96:13-37
	android:name
		ADDED from src/main/AndroidManifest.xml:94:13-58
intent-filter#android.intent.action.VIEW+android.intent.category.BROWSABLE+android.intent.category.DEFAULT
ADDED from src/main/AndroidManifest.xml:98:13-105:29
	android:autoVerify
		ADDED from src/main/AndroidManifest.xml:106:28-53
action#android.intent.action.VIEW
ADDED from src/main/AndroidManifest.xml:99:17-68
	android:name
		ADDED from src/main/AndroidManifest.xml:99:25-66
category#android.intent.category.BROWSABLE
ADDED from src/main/AndroidManifest.xml:101:17-77
	android:name
		ADDED from src/main/AndroidManifest.xml:101:27-75
data
ADDED from src/main/AndroidManifest.xml:104:17-55
	android:host
		ADDED from src/main/AndroidManifest.xml:113:21-45
	android:scheme
		ADDED from src/main/AndroidManifest.xml:104:23-53
	android:pathPrefix
		ADDED from src/main/AndroidManifest.xml:114:21-53
activity#org.lds.ldssa.ui.activity.BookmarkRouterActivity
ADDED from src/main/AndroidManifest.xml:138:9-142:15
	android:excludeFromRecents
		ADDED from src/main/AndroidManifest.xml:140:13-46
	android:noHistory